2025-04-30T08:44:57.224Z | 查询: "像线一样还可以通电" | 响应: "" | 提取分数: 50
2025-04-30T08:44:58.850Z | 查询: "像线一样还可以通电" | 响应: "" | 提取分数: 50
2025-04-30T08:45:00.318Z | 查询: "像线一样还可以通电" | 响应: "" | 提取分数: 50
2025-04-30T08:45:01.891Z | 查询: "像线一样还可以通电" | 响应: "" | 提取分数: 50
2025-04-30T08:45:03.401Z | 查询: "像线一样还可以通电" | 响应: "" | 提取分数: 50
2025-04-30T08:45:05.860Z | 查询: "像线一样还可以通电" | 响应: "" | 提取分数: 50
2025-04-30T08:45:07.222Z | 查询: "像线一样还可以通电" | 响应: "" | 提取分数: 50
2025-04-30T08:45:08.602Z | 查询: "像线一样还可以通电" | 响应: "" | 提取分数: 50
2025-04-30T08:45:10.065Z | 查询: "像线一样还可以通电" | 响应: "" | 提取分数: 50
2025-04-30T08:45:11.611Z | 查询: "像线一样还可以通电" | 响应: "" | 提取分数: 50
2025-04-30T08:45:14.298Z | 查询: "像线一样还可以通电" | 响应: "" | 提取分数: 50
2025-04-30T08:45:15.847Z | 查询: "像线一样还可以通电" | 响应: "" | 提取分数: 50
2025-04-30T08:45:17.381Z | 查询: "像线一样还可以通电" | 响应: "" | 提取分数: 50
2025-04-30T08:45:18.964Z | 查询: "像线一样还可以通电" | 响应: "" | 提取分数: 50
2025-04-30T08:45:23.223Z | 查询: "像线一样还可以通电" | 响应: "" | 提取分数: 50
2025-04-30T08:45:25.791Z | 查询: "像线一样还可以通电" | 响应: "" | 提取分数: 50
2025-04-30T08:45:27.360Z | 查询: "像线一样还可以通电" | 响应: "" | 提取分数: 50
2025-04-30T08:45:28.956Z | 查询: "像线一样还可以通电" | 响应: "" | 提取分数: 50
2025-04-30T08:45:30.533Z | 查询: "像线一样还可以通电" | 响应: "" | 提取分数: 50
2025-04-30T08:45:32.029Z | 查询: "像线一样还可以通电" | 响应: "" | 提取分数: 50
2025-04-30T08:45:34.726Z | 查询: "像线一样还可以通电" | 响应: "" | 提取分数: 50
2025-04-30T08:45:51.537Z | 查询: "像线一样还可以通电" | 响应: "" | 提取分数: 50
2025-04-30T08:45:53.058Z | 查询: "像线一样还可以通电" | 响应: "" | 提取分数: 50
2025-04-30T08:45:54.527Z | 查询: "像线一样还可以通电" | 响应: "" | 提取分数: 50
2025-04-30T08:45:57.065Z | 查询: "像线一样还可以通电" | 响应: "" | 提取分数: 50
2025-04-30T08:45:58.740Z | 查询: "像线一样还可以通电" | 响应: "" | 提取分数: 50
2025-04-30T08:46:00.222Z | 查询: "像线一样还可以通电" | 响应: "" | 提取分数: 50
2025-04-30T08:46:01.970Z | 查询: "像线一样还可以通电" | 响应: "" | 提取分数: 50
2025-04-30T08:46:03.623Z | 查询: "像线一样还可以通电" | 响应: "" | 提取分数: 50
2025-04-30T08:46:06.019Z | 查询: "像线一样还可以通电" | 响应: "" | 提取分数: 50
2025-04-30T08:46:07.469Z | 查询: "像线一样还可以通电" | 响应: "" | 提取分数: 50
2025-04-30T08:46:08.940Z | 查询: "像线一样还可以通电" | 响应: "" | 提取分数: 50
2025-04-30T08:46:10.478Z | 查询: "像线一样还可以通电" | 响应: "" | 提取分数: 50
2025-04-30T08:46:11.969Z | 查询: "像线一样还可以通电" | 响应: "" | 提取分数: 50
2025-04-30T08:46:14.596Z | 查询: "像线一样还可以通电" | 响应: "" | 提取分数: 50
2025-04-30T08:46:16.074Z | 查询: "像线一样还可以通电" | 响应: "" | 提取分数: 50
2025-04-30T08:46:17.547Z | 查询: "像线一样还可以通电" | 响应: "" | 提取分数: 50
2025-04-30T08:46:18.941Z | 查询: "像线一样还可以通电" | 响应: "" | 提取分数: 50
2025-04-30T08:46:20.667Z | 查询: "像线一样还可以通电" | 响应: "" | 提取分数: 50
2025-04-30T08:46:23.194Z | 查询: "像线一样还可以通电" | 响应: "" | 提取分数: 50
2025-04-30T08:46:24.703Z | 查询: "像线一样还可以通电" | 响应: "" | 提取分数: 50
2025-04-30T08:46:26.455Z | 查询: "像线一样还可以通电" | 响应: "" | 提取分数: 50
2025-04-30T08:46:28.025Z | 查询: "像线一样还可以通电" | 响应: "" | 提取分数: 50
2025-04-30T08:46:29.500Z | 查询: "像线一样还可以通电" | 响应: "" | 提取分数: 50
2025-04-30T08:46:31.977Z | 查询: "像线一样还可以通电" | 响应: "" | 提取分数: 50
2025-04-30T08:46:33.449Z | 查询: "像线一样还可以通电" | 响应: "" | 提取分数: 50
2025-04-30T08:46:34.892Z | 查询: "像线一样还可以通电" | 响应: "" | 提取分数: 50
2025-04-30T08:46:36.409Z | 查询: "像线一样还可以通电" | 响应: "" | 提取分数: 50
2025-04-30T08:46:37.795Z | 查询: "像线一样还可以通电" | 响应: "" | 提取分数: 50
2025-04-30T08:46:40.888Z | 查询: "像线一样还可以通电" | 响应: "" | 提取分数: 50
2025-04-30T08:46:42.343Z | 查询: "像线一样还可以通电" | 响应: "" | 提取分数: 50
2025-04-30T08:46:44.154Z | 查询: "像线一样还可以通电" | 响应: "" | 提取分数: 50
2025-04-30T08:47:03.651Z | 查询: "像线一样还可以通电" | 响应: "" | 提取分数: 50
2025-04-30T08:47:06.195Z | 查询: "像线一样还可以通电" | 响应: "" | 提取分数: 50
2025-04-30T08:47:07.786Z | 查询: "像线一样还可以通电" | 响应: "" | 提取分数: 50
2025-04-30T08:47:09.332Z | 查询: "像线一样还可以通电" | 响应: "" | 提取分数: 50
2025-04-30T08:47:10.952Z | 查询: "像线一样还可以通电" | 响应: "" | 提取分数: 50
2025-04-30T08:47:12.478Z | 查询: "像线一样还可以通电" | 响应: "" | 提取分数: 50
2025-04-30T08:47:15.101Z | 查询: "像线一样还可以通电" | 响应: "" | 提取分数: 50
2025-04-30T08:47:16.616Z | 查询: "像线一样还可以通电" | 响应: "" | 提取分数: 50
2025-04-30T08:47:18.160Z | 查询: "像线一样还可以通电" | 响应: "" | 提取分数: 50
2025-04-30T08:47:19.533Z | 查询: "像线一样还可以通电" | 响应: "" | 提取分数: 50
2025-04-30T08:47:21.026Z | 查询: "像线一样还可以通电" | 响应: "" | 提取分数: 50
2025-04-30T08:47:23.605Z | 查询: "像线一样还可以通电" | 响应: "" | 提取分数: 50
2025-04-30T08:47:25.175Z | 查询: "像线一样还可以通电" | 响应: "" | 提取分数: 50
2025-04-30T08:47:26.767Z | 查询: "像线一样还可以通电" | 响应: "" | 提取分数: 50
2025-04-30T08:47:28.235Z | 查询: "像线一样还可以通电" | 响应: "" | 提取分数: 50
2025-04-30T08:48:26.992Z | 查询: "水管" | 响应: "" | 提取分数: 50
2025-04-30T08:48:28.867Z | 查询: "水管" | 响应: "" | 提取分数: 50
2025-04-30T08:48:30.348Z | 查询: "水管" | 响应: "" | 提取分数: 50
2025-04-30T08:48:32.114Z | 查询: "水管" | 响应: "" | 提取分数: 50
2025-04-30T08:48:33.820Z | 查询: "水管" | 响应: "" | 提取分数: 50
2025-04-30T08:48:36.569Z | 查询: "水管" | 响应: "" | 提取分数: 50
2025-04-30T08:48:38.367Z | 查询: "水管" | 响应: "" | 提取分数: 50
2025-04-30T08:48:40.169Z | 查询: "水管" | 响应: "" | 提取分数: 50
2025-04-30T08:48:41.709Z | 查询: "水管" | 响应: "" | 提取分数: 50
2025-04-30T08:48:43.206Z | 查询: "水管" | 响应: "" | 提取分数: 50
2025-04-30T08:48:50.712Z | 查询: "水管" | 响应: "" | 提取分数: 50
2025-04-30T08:48:52.238Z | 查询: "水管" | 响应: "" | 提取分数: 50
2025-04-30T08:48:53.831Z | 查询: "水管" | 响应: "" | 提取分数: 50
2025-04-30T08:48:55.453Z | 查询: "水管" | 响应: "" | 提取分数: 50
2025-04-30T08:48:56.936Z | 查询: "水管" | 响应: "" | 提取分数: 50
2025-04-30T08:48:59.478Z | 查询: "水管" | 响应: "" | 提取分数: 50
2025-04-30T08:49:01.016Z | 查询: "水管" | 响应: "" | 提取分数: 50
2025-04-30T08:49:02.672Z | 查询: "水管" | 响应: "" | 提取分数: 50
2025-04-30T08:49:04.206Z | 查询: "水管" | 响应: "" | 提取分数: 50
2025-04-30T08:49:05.751Z | 查询: "水管" | 响应: "" | 提取分数: 50
2025-04-30T08:49:08.276Z | 查询: "水管" | 响应: "" | 提取分数: 50
2025-04-30T08:49:09.781Z | 查询: "水管" | 响应: "" | 提取分数: 50
2025-04-30T08:49:11.294Z | 查询: "水管" | 响应: "" | 提取分数: 50
2025-04-30T08:49:13.222Z | 查询: "水管" | 响应: "" | 提取分数: 50
2025-04-30T08:49:14.653Z | 查询: "水管" | 响应: "" | 提取分数: 50
2025-04-30T08:49:18.085Z | 查询: "水管" | 响应: "" | 提取分数: 50
2025-04-30T08:49:20.227Z | 查询: "水管" | 响应: "" | 提取分数: 50
2025-04-30T08:49:22.356Z | 查询: "水管" | 响应: "" | 提取分数: 50
2025-04-30T08:49:24.481Z | 查询: "水管" | 响应: "" | 提取分数: 50
2025-04-30T08:49:47.326Z | 查询: "水管" | 响应: "" | 提取分数: 50
2025-04-30T08:49:48.741Z | 查询: "水管" | 响应: "" | 提取分数: 50
2025-04-30T08:49:50.125Z | 查询: "水管" | 响应: "" | 提取分数: 50
2025-04-30T08:49:51.969Z | 查询: "水管" | 响应: "" | 提取分数: 50
2025-04-30T08:49:53.922Z | 查询: "水管" | 响应: "" | 提取分数: 50
2025-04-30T08:49:56.856Z | 查询: "水管" | 响应: "" | 提取分数: 50
2025-04-30T08:49:58.289Z | 查询: "水管" | 响应: "" | 提取分数: 50
2025-04-30T08:50:00.241Z | 查询: "水管" | 响应: "" | 提取分数: 50
2025-04-30T08:50:01.895Z | 查询: "水管" | 响应: "" | 提取分数: 50
2025-04-30T08:50:03.219Z | 查询: "水管" | 响应: "" | 提取分数: 50
2025-04-30T08:50:05.527Z | 查询: "水管" | 响应: "" | 提取分数: 50
2025-04-30T08:50:06.845Z | 查询: "水管" | 响应: "" | 提取分数: 50
2025-04-30T08:50:08.188Z | 查询: "水管" | 响应: "" | 提取分数: 50
2025-04-30T08:50:09.754Z | 查询: "水管" | 响应: "" | 提取分数: 50
2025-04-30T08:50:11.318Z | 查询: "水管" | 响应: "" | 提取分数: 50
2025-04-30T08:50:13.893Z | 查询: "水管" | 响应: "" | 提取分数: 50
2025-04-30T08:50:15.338Z | 查询: "水管" | 响应: "" | 提取分数: 50
2025-04-30T08:50:16.836Z | 查询: "水管" | 响应: "" | 提取分数: 50
2025-04-30T08:50:18.530Z | 查询: "水管" | 响应: "" | 提取分数: 50
2025-04-30T08:50:20.149Z | 查询: "水管" | 响应: "" | 提取分数: 50
2025-04-30T08:50:22.669Z | 查询: "水管" | 响应: "" | 提取分数: 50
2025-04-30T08:50:24.205Z | 查询: "水管" | 响应: "" | 提取分数: 50
2025-04-30T08:50:25.760Z | 查询: "水管" | 响应: "" | 提取分数: 50
2025-04-30T08:50:27.474Z | 查询: "水管" | 响应: "" | 提取分数: 50
2025-04-30T08:50:29.061Z | 查询: "水管" | 响应: "" | 提取分数: 50
2025-04-30T08:50:31.896Z | 查询: "水管" | 响应: "" | 提取分数: 50
2025-04-30T08:50:33.295Z | 查询: "水管" | 响应: "" | 提取分数: 50
2025-04-30T08:50:34.644Z | 查询: "水管" | 响应: "" | 提取分数: 50
2025-04-30T08:50:35.980Z | 查询: "水管" | 响应: "" | 提取分数: 50
2025-04-30T08:50:37.627Z | 查询: "水管" | 响应: "" | 提取分数: 50
2025-04-30T08:50:40.319Z | 查询: "水管" | 响应: "" | 提取分数: 50
2025-04-30T08:50:41.945Z | 查询: "水管" | 响应: "" | 提取分数: 50
2025-04-30T08:50:43.564Z | 查询: "水管" | 响应: "" | 提取分数: 50
2025-04-30T08:50:44.877Z | 查询: "水管" | 响应: "" | 提取分数: 50
2025-04-30T08:50:46.377Z | 查询: "水管" | 响应: "" | 提取分数: 50
2025-04-30T08:50:48.844Z | 查询: "水管" | 响应: "" | 提取分数: 50
2025-04-30T08:50:50.258Z | 查询: "水管" | 响应: "" | 提取分数: 50
2025-04-30T08:50:51.769Z | 查询: "水管" | 响应: "" | 提取分数: 50
2025-04-30T08:50:53.318Z | 查询: "水管" | 响应: "" | 提取分数: 50
2025-04-30T08:54:49.378Z | 查询: "一种在地里的需要浇水东西" | 响应: "" | 提取分数: 50
2025-04-30T08:54:50.944Z | 查询: "一种在地里的需要浇水东西" | 响应: "" | 提取分数: 50
2025-04-30T08:54:52.409Z | 查询: "一种在地里的需要浇水东西" | 响应: "" | 提取分数: 50
2025-04-30T08:54:53.820Z | 查询: "一种在地里的需要浇水东西" | 响应: "" | 提取分数: 50
2025-04-30T08:54:55.265Z | 查询: "一种在地里的需要浇水东西" | 响应: "" | 提取分数: 50
2025-04-30T08:54:57.730Z | 查询: "一种在地里的需要浇水东西" | 响应: "" | 提取分数: 50
2025-04-30T08:54:59.163Z | 查询: "一种在地里的需要浇水东西" | 响应: "" | 提取分数: 50
2025-04-30T08:55:00.598Z | 查询: "一种在地里的需要浇水东西" | 响应: "" | 提取分数: 50
2025-04-30T08:55:02.160Z | 查询: "一种在地里的需要浇水东西" | 响应: "" | 提取分数: 50
2025-04-30T08:55:03.513Z | 查询: "一种在地里的需要浇水东西" | 响应: "" | 提取分数: 50
2025-04-30T08:55:06.069Z | 查询: "一种在地里的需要浇水东西" | 响应: "" | 提取分数: 50
2025-04-30T08:55:07.662Z | 查询: "一种在地里的需要浇水东西" | 响应: "" | 提取分数: 50
2025-04-30T08:55:09.188Z | 查询: "一种在地里的需要浇水东西" | 响应: "" | 提取分数: 50
2025-04-30T08:55:13.881Z | 查询: "一种在地里的需要浇水东西" | 响应: "" | 提取分数: 50
2025-04-30T08:55:15.501Z | 查询: "一种在地里的需要浇水东西" | 响应: "" | 提取分数: 50
2025-04-30T08:55:35.534Z | 查询: "一种在地里的需要浇水东西" | 响应: "" | 提取分数: 50
2025-04-30T08:55:37.043Z | 查询: "一种在地里的需要浇水东西" | 响应: "" | 提取分数: 50
2025-04-30T08:55:38.709Z | 查询: "一种在地里的需要浇水东西" | 响应: "" | 提取分数: 50
2025-04-30T08:55:40.327Z | 查询: "一种在地里的需要浇水东西" | 响应: "" | 提取分数: 50
2025-04-30T08:55:42.987Z | 查询: "一种在地里的需要浇水东西" | 响应: "" | 提取分数: 50
2025-04-30T08:55:44.569Z | 查询: "一种在地里的需要浇水东西" | 响应: "" | 提取分数: 50
2025-04-30T08:55:46.121Z | 查询: "一种在地里的需要浇水东西" | 响应: "" | 提取分数: 50
2025-04-30T08:55:47.686Z | 查询: "一种在地里的需要浇水东西" | 响应: "" | 提取分数: 50
2025-04-30T08:55:49.086Z | 查询: "一种在地里的需要浇水东西" | 响应: "" | 提取分数: 50
2025-04-30T08:55:51.703Z | 查询: "一种在地里的需要浇水东西" | 响应: "" | 提取分数: 50
2025-04-30T08:55:53.213Z | 查询: "一种在地里的需要浇水东西" | 响应: "" | 提取分数: 50
2025-04-30T08:55:54.917Z | 查询: "一种在地里的需要浇水东西" | 响应: "" | 提取分数: 50
2025-04-30T08:55:56.383Z | 查询: "一种在地里的需要浇水东西" | 响应: "" | 提取分数: 50
2025-04-30T08:56:14.265Z | 查询: "一种在地里的需要浇水东西" | 响应: "" | 提取分数: 50
2025-04-30T08:56:18.657Z | 查询: "一种在地里的需要浇水东西" | 响应: "" | 提取分数: 50
2025-04-30T08:56:20.298Z | 查询: "一种在地里的需要浇水东西" | 响应: "" | 提取分数: 50
2025-04-30T08:56:21.882Z | 查询: "一种在地里的需要浇水东西" | 响应: "" | 提取分数: 50
2025-04-30T08:56:23.451Z | 查询: "一种在地里的需要浇水东西" | 响应: "" | 提取分数: 50
2025-04-30T08:56:26.005Z | 查询: "一种在地里的需要浇水东西" | 响应: "" | 提取分数: 50
2025-04-30T08:56:27.586Z | 查询: "一种在地里的需要浇水东西" | 响应: "" | 提取分数: 50
2025-04-30T08:56:29.057Z | 查询: "一种在地里的需要浇水东西" | 响应: "" | 提取分数: 50
2025-04-30T08:56:30.487Z | 查询: "一种在地里的需要浇水东西" | 响应: "" | 提取分数: 50
2025-04-30T08:56:32.085Z | 查询: "一种在地里的需要浇水东西" | 响应: "" | 提取分数: 50
2025-04-30T08:56:34.627Z | 查询: "一种在地里的需要浇水东西" | 响应: "" | 提取分数: 50
2025-04-30T08:56:36.142Z | 查询: "一种在地里的需要浇水东西" | 响应: "" | 提取分数: 50
2025-04-30T08:56:37.607Z | 查询: "一种在地里的需要浇水东西" | 响应: "" | 提取分数: 50
2025-04-30T08:56:39.034Z | 查询: "一种在地里的需要浇水东西" | 响应: "" | 提取分数: 50
2025-04-30T08:56:40.445Z | 查询: "一种在地里的需要浇水东西" | 响应: "" | 提取分数: 50
2025-04-30T08:56:42.946Z | 查询: "一种在地里的需要浇水东西" | 响应: "" | 提取分数: 50
2025-04-30T08:56:44.584Z | 查询: "一种在地里的需要浇水东西" | 响应: "" | 提取分数: 50
2025-04-30T08:56:46.095Z | 查询: "一种在地里的需要浇水东西" | 响应: "" | 提取分数: 50
2025-04-30T08:56:47.535Z | 查询: "一种在地里的需要浇水东西" | 响应: "" | 提取分数: 50
2025-04-30T08:56:49.031Z | 查询: "一种在地里的需要浇水东西" | 响应: "" | 提取分数: 50
2025-04-30T08:56:57.552Z | 查询: "一种在地里的需要浇水东西" | 响应: "" | 提取分数: 50
2025-04-30T08:57:12.230Z | 查询: "一种在地里的需要浇水东西" | 响应: "" | 提取分数: 50
2025-04-30T08:57:13.951Z | 查询: "一种在地里的需要浇水东西" | 响应: "" | 提取分数: 50
2025-04-30T08:57:15.643Z | 查询: "一种在地里的需要浇水东西" | 响应: "" | 提取分数: 50
2025-04-30T08:57:18.358Z | 查询: "一种在地里的需要浇水东西" | 响应: "" | 提取分数: 50
2025-04-30T08:57:19.953Z | 查询: "一种在地里的需要浇水东西" | 响应: "" | 提取分数: 50
2025-04-30T08:57:21.441Z | 查询: "一种在地里的需要浇水东西" | 响应: "" | 提取分数: 50
2025-04-30T08:57:23.020Z | 查询: "一种在地里的需要浇水东西" | 响应: "" | 提取分数: 50
2025-04-30T08:57:24.486Z | 查询: "一种在地里的需要浇水东西" | 响应: "" | 提取分数: 50
2025-04-30T08:57:29.304Z | 查询: "一种在地里的需要浇水东西" | 响应: "" | 提取分数: 50
2025-04-30T08:57:30.960Z | 查询: "一种在地里的需要浇水东西" | 响应: "" | 提取分数: 50
2025-04-30T08:57:32.830Z | 查询: "一种在地里的需要浇水东西" | 响应: "" | 提取分数: 50
2025-04-30T08:57:34.552Z | 查询: "一种在地里的需要浇水东西" | 响应: "" | 提取分数: 50
2025-04-30T08:57:36.288Z | 查询: "一种在地里的需要浇水东西" | 响应: "" | 提取分数: 50
2025-04-30T08:57:39.176Z | 查询: "一种在地里的需要浇水东西" | 响应: "" | 提取分数: 50
2025-04-30T08:57:40.982Z | 查询: "一种在地里的需要浇水东西" | 响应: "" | 提取分数: 50
2025-04-30T08:57:42.761Z | 查询: "一种在地里的需要浇水东西" | 响应: "" | 提取分数: 50
2025-04-30T08:57:44.536Z | 查询: "一种在地里的需要浇水东西" | 响应: "" | 提取分数: 50
2025-04-30T08:59:49.537Z | 查询: "铺在地面上" | 响应: "" | 提取分数: 50
2025-04-30T08:59:51.310Z | 查询: "铺在地面上" | 响应: "" | 提取分数: 50
2025-04-30T08:59:52.821Z | 查询: "铺在地面上" | 响应: "" | 提取分数: 50
2025-04-30T08:59:54.418Z | 查询: "铺在地面上" | 响应: "" | 提取分数: 50
2025-04-30T08:59:56.965Z | 查询: "铺在地面上" | 响应: "" | 提取分数: 50
2025-04-30T08:59:58.828Z | 查询: "铺在地面上" | 响应: "" | 提取分数: 50
2025-04-30T09:00:00.291Z | 查询: "铺在地面上" | 响应: "" | 提取分数: 50
2025-04-30T09:00:01.734Z | 查询: "铺在地面上" | 响应: "" | 提取分数: 50
2025-04-30T09:00:03.554Z | 查询: "铺在地面上" | 响应: "" | 提取分数: 50
2025-04-30T09:00:06.017Z | 查询: "铺在地面上" | 响应: "" | 提取分数: 50
2025-04-30T09:00:07.604Z | 查询: "铺在地面上" | 响应: "" | 提取分数: 50
2025-04-30T09:00:09.155Z | 查询: "铺在地面上" | 响应: "" | 提取分数: 50
2025-04-30T09:00:10.708Z | 查询: "铺在地面上" | 响应: "" | 提取分数: 50
2025-04-30T09:00:12.171Z | 查询: "铺在地面上" | 响应: "" | 提取分数: 50
2025-04-30T09:00:14.660Z | 查询: "铺在地面上" | 响应: "" | 提取分数: 50
2025-04-30T09:00:16.127Z | 查询: "铺在地面上" | 响应: "" | 提取分数: 50
2025-04-30T09:00:17.607Z | 查询: "铺在地面上" | 响应: "" | 提取分数: 50
2025-04-30T09:00:19.065Z | 查询: "铺在地面上" | 响应: "" | 提取分数: 50
2025-04-30T09:00:20.530Z | 查询: "铺在地面上" | 响应: "" | 提取分数: 50
2025-04-30T09:00:23.001Z | 查询: "铺在地面上" | 响应: "" | 提取分数: 50
2025-04-30T09:00:24.474Z | 查询: "铺在地面上" | 响应: "" | 提取分数: 50
2025-04-30T09:00:26.776Z | 查询: "铺在地面上" | 响应: "" | 提取分数: 50
2025-04-30T09:00:28.400Z | 查询: "铺在地面上" | 响应: "" | 提取分数: 50
2025-04-30T09:00:30.000Z | 查询: "铺在地面上" | 响应: "" | 提取分数: 50
2025-04-30T09:00:32.554Z | 查询: "铺在地面上" | 响应: "" | 提取分数: 50
2025-04-30T09:00:34.012Z | 查询: "铺在地面上" | 响应: "" | 提取分数: 50
2025-04-30T09:00:35.483Z | 查询: "铺在地面上" | 响应: "" | 提取分数: 50
2025-04-30T09:00:37.667Z | 查询: "铺在地面上" | 响应: "" | 提取分数: 50
2025-04-30T09:00:39.195Z | 查询: "铺在地面上" | 响应: "" | 提取分数: 50
2025-04-30T09:00:41.816Z | 查询: "铺在地面上" | 响应: "" | 提取分数: 50
2025-04-30T09:00:43.233Z | 查询: "铺在地面上" | 响应: "" | 提取分数: 50
2025-04-30T09:00:44.821Z | 查询: "铺在地面上" | 响应: "" | 提取分数: 50
2025-04-30T09:00:46.182Z | 查询: "铺在地面上" | 响应: "" | 提取分数: 50
2025-04-30T09:00:47.751Z | 查询: "铺在地面上" | 响应: "" | 提取分数: 50
2025-04-30T09:00:50.342Z | 查询: "铺在地面上" | 响应: "" | 提取分数: 50
2025-04-30T09:00:51.842Z | 查询: "铺在地面上" | 响应: "" | 提取分数: 50
2025-04-30T09:00:53.274Z | 查询: "铺在地面上" | 响应: "" | 提取分数: 50
2025-04-30T09:00:54.758Z | 查询: "铺在地面上" | 响应: "" | 提取分数: 50
2025-04-30T09:00:56.334Z | 查询: "铺在地面上" | 响应: "" | 提取分数: 50
2025-04-30T09:00:58.888Z | 查询: "铺在地面上" | 响应: "" | 提取分数: 50
2025-04-30T09:01:00.454Z | 查询: "铺在地面上" | 响应: "" | 提取分数: 50
2025-04-30T09:01:02.034Z | 查询: "铺在地面上" | 响应: "" | 提取分数: 50
2025-04-30T09:01:03.596Z | 查询: "铺在地面上" | 响应: "" | 提取分数: 50
2025-04-30T09:01:05.128Z | 查询: "铺在地面上" | 响应: "" | 提取分数: 50
2025-04-30T09:01:07.747Z | 查询: "铺在地面上" | 响应: "" | 提取分数: 50
2025-04-30T09:01:09.330Z | 查询: "铺在地面上" | 响应: "" | 提取分数: 50
2025-04-30T09:01:11.153Z | 查询: "铺在地面上" | 响应: "" | 提取分数: 50
2025-04-30T09:01:12.774Z | 查询: "铺在地面上" | 响应: "" | 提取分数: 50
2025-04-30T09:01:14.287Z | 查询: "铺在地面上" | 响应: "" | 提取分数: 50
2025-04-30T09:01:16.822Z | 查询: "铺在地面上" | 响应: "" | 提取分数: 50
2025-04-30T09:01:18.352Z | 查询: "铺在地面上" | 响应: "" | 提取分数: 50
2025-04-30T09:01:19.867Z | 查询: "铺在地面上" | 响应: "" | 提取分数: 50
2025-04-30T09:01:24.516Z | 查询: "铺在地面上" | 响应: "" | 提取分数: 50
2025-04-30T09:01:26.060Z | 查询: "铺在地面上" | 响应: "" | 提取分数: 50
2025-04-30T09:01:28.911Z | 查询: "铺在地面上" | 响应: "" | 提取分数: 50
2025-04-30T09:01:30.711Z | 查询: "铺在地面上" | 响应: "" | 提取分数: 50
2025-04-30T09:01:32.544Z | 查询: "铺在地面上" | 响应: "" | 提取分数: 50
2025-04-30T09:01:33.904Z | 查询: "铺在地面上" | 响应: "" | 提取分数: 50
2025-04-30T09:01:35.238Z | 查询: "铺在地面上" | 响应: "" | 提取分数: 50
2025-04-30T09:01:37.569Z | 查询: "铺在地面上" | 响应: "" | 提取分数: 50
2025-04-30T09:01:39.420Z | 查询: "铺在地面上" | 响应: "" | 提取分数: 50
2025-04-30T09:01:41.261Z | 查询: "铺在地面上" | 响应: "" | 提取分数: 50
2025-04-30T09:01:42.975Z | 查询: "铺在地面上" | 响应: "" | 提取分数: 50
2025-04-30T09:01:44.706Z | 查询: "铺在地面上" | 响应: "" | 提取分数: 50
2025-04-30T09:01:47.380Z | 查询: "铺在地面上" | 响应: "" | 提取分数: 50
2025-04-30T09:01:48.846Z | 查询: "铺在地面上" | 响应: "" | 提取分数: 50
2025-04-30T09:01:50.432Z | 查询: "铺在地面上" | 响应: "" | 提取分数: 50
2025-04-30T09:01:54.743Z | 查询: "铺在地面上" | 响应: "" | 提取分数: 50
2025-04-30T09:02:53.113Z | 查询: "种在花池里的" | 响应: "" | 提取分数: 50
2025-04-30T09:02:54.448Z | 查询: "种在花池里的" | 响应: "" | 提取分数: 50
2025-04-30T09:02:56.046Z | 查询: "种在花池里的" | 响应: "" | 提取分数: 50
2025-04-30T09:02:57.632Z | 查询: "种在花池里的" | 响应: "" | 提取分数: 50
2025-04-30T09:02:59.156Z | 查询: "种在花池里的" | 响应: "" | 提取分数: 50
2025-04-30T09:03:01.803Z | 查询: "种在花池里的" | 响应: "" | 提取分数: 50
2025-04-30T09:03:03.405Z | 查询: "种在花池里的" | 响应: "" | 提取分数: 50
2025-04-30T09:03:05.018Z | 查询: "种在花池里的" | 响应: "" | 提取分数: 50
2025-04-30T09:03:06.476Z | 查询: "种在花池里的" | 响应: "" | 提取分数: 50
2025-04-30T09:03:07.933Z | 查询: "种在花池里的" | 响应: "" | 提取分数: 50
2025-04-30T09:03:10.496Z | 查询: "种在花池里的" | 响应: "" | 提取分数: 50
2025-04-30T09:03:12.039Z | 查询: "种在花池里的" | 响应: "" | 提取分数: 50
2025-04-30T09:03:13.470Z | 查询: "种在花池里的" | 响应: "" | 提取分数: 50
2025-04-30T09:03:15.023Z | 查询: "种在花池里的" | 响应: "" | 提取分数: 50
2025-04-30T09:03:16.484Z | 查询: "种在花池里的" | 响应: "" | 提取分数: 50
2025-04-30T09:03:19.063Z | 查询: "种在花池里的" | 响应: "" | 提取分数: 50
2025-04-30T09:03:20.650Z | 查询: "种在花池里的" | 响应: "" | 提取分数: 50
2025-04-30T09:03:22.124Z | 查询: "种在花池里的" | 响应: "" | 提取分数: 50
2025-04-30T09:03:23.694Z | 查询: "种在花池里的" | 响应: "" | 提取分数: 50
2025-04-30T09:03:25.191Z | 查询: "种在花池里的" | 响应: "" | 提取分数: 50
2025-04-30T09:03:27.891Z | 查询: "种在花池里的" | 响应: "" | 提取分数: 50
2025-04-30T09:03:29.387Z | 查询: "种在花池里的" | 响应: "" | 提取分数: 50
2025-04-30T09:03:31.150Z | 查询: "种在花池里的" | 响应: "" | 提取分数: 50
2025-04-30T09:03:32.726Z | 查询: "种在花池里的" | 响应: "" | 提取分数: 50
2025-04-30T09:03:34.282Z | 查询: "种在花池里的" | 响应: "" | 提取分数: 50
2025-04-30T09:03:36.875Z | 查询: "种在花池里的" | 响应: "" | 提取分数: 50
2025-04-30T09:03:38.446Z | 查询: "种在花池里的" | 响应: "" | 提取分数: 50
2025-04-30T09:03:40.022Z | 查询: "种在花池里的" | 响应: "" | 提取分数: 50
2025-04-30T09:03:41.583Z | 查询: "种在花池里的" | 响应: "" | 提取分数: 50
2025-04-30T09:03:43.136Z | 查询: "种在花池里的" | 响应: "" | 提取分数: 50
2025-04-30T09:03:45.533Z | 查询: "种在花池里的" | 响应: "" | 提取分数: 50
2025-04-30T09:03:47.078Z | 查询: "种在花池里的" | 响应: "" | 提取分数: 50
2025-04-30T09:03:48.458Z | 查询: "种在花池里的" | 响应: "" | 提取分数: 50
2025-04-30T09:03:49.829Z | 查询: "种在花池里的" | 响应: "" | 提取分数: 50
2025-04-30T09:03:51.373Z | 查询: "种在花池里的" | 响应: "" | 提取分数: 50
2025-04-30T09:03:53.747Z | 查询: "种在花池里的" | 响应: "" | 提取分数: 50
2025-04-30T09:03:55.290Z | 查询: "种在花池里的" | 响应: "" | 提取分数: 50
2025-04-30T09:03:56.633Z | 查询: "种在花池里的" | 响应: "" | 提取分数: 50
2025-04-30T09:03:58.001Z | 查询: "种在花池里的" | 响应: "" | 提取分数: 50
2025-04-30T09:03:59.466Z | 查询: "种在花池里的" | 响应: "" | 提取分数: 50
2025-04-30T09:04:01.855Z | 查询: "种在花池里的" | 响应: "" | 提取分数: 50
2025-04-30T09:04:03.365Z | 查询: "种在花池里的" | 响应: "" | 提取分数: 50
2025-04-30T09:04:04.807Z | 查询: "种在花池里的" | 响应: "" | 提取分数: 50
2025-04-30T09:04:06.383Z | 查询: "种在花池里的" | 响应: "" | 提取分数: 50
2025-04-30T09:04:08.016Z | 查询: "种在花池里的" | 响应: "" | 提取分数: 50
2025-04-30T09:04:10.569Z | 查询: "种在花池里的" | 响应: "" | 提取分数: 50
2025-04-30T09:04:12.137Z | 查询: "种在花池里的" | 响应: "" | 提取分数: 50
2025-04-30T09:04:13.624Z | 查询: "种在花池里的" | 响应: "" | 提取分数: 50
2025-04-30T09:04:15.148Z | 查询: "种在花池里的" | 响应: "" | 提取分数: 50
2025-04-30T09:04:16.519Z | 查询: "种在花池里的" | 响应: "" | 提取分数: 50
2025-04-30T09:04:18.925Z | 查询: "种在花池里的" | 响应: "" | 提取分数: 50
2025-04-30T09:04:20.352Z | 查询: "种在花池里的" | 响应: "" | 提取分数: 50
2025-04-30T09:04:21.741Z | 查询: "种在花池里的" | 响应: "" | 提取分数: 50
2025-04-30T09:04:23.094Z | 查询: "种在花池里的" | 响应: "" | 提取分数: 50
2025-04-30T09:04:24.427Z | 查询: "种在花池里的" | 响应: "" | 提取分数: 50
2025-04-30T09:04:27.002Z | 查询: "种在花池里的" | 响应: "" | 提取分数: 50
2025-04-30T09:04:28.519Z | 查询: "种在花池里的" | 响应: "" | 提取分数: 50
2025-04-30T09:04:29.975Z | 查询: "种在花池里的" | 响应: "" | 提取分数: 50
2025-04-30T09:04:31.461Z | 查询: "种在花池里的" | 响应: "" | 提取分数: 50
2025-04-30T09:04:32.858Z | 查询: "种在花池里的" | 响应: "" | 提取分数: 50
2025-04-30T09:04:35.297Z | 查询: "种在花池里的" | 响应: "" | 提取分数: 50
2025-04-30T09:04:36.758Z | 查询: "种在花池里的" | 响应: "" | 提取分数: 50
2025-04-30T09:04:38.179Z | 查询: "种在花池里的" | 响应: "" | 提取分数: 50
2025-04-30T09:04:39.580Z | 查询: "种在花池里的" | 响应: "" | 提取分数: 50
2025-04-30T09:04:41.091Z | 查询: "种在花池里的" | 响应: "" | 提取分数: 50
2025-04-30T09:04:43.494Z | 查询: "种在花池里的" | 响应: "" | 提取分数: 50
2025-04-30T09:04:44.961Z | 查询: "种在花池里的" | 响应: "" | 提取分数: 50
2025-04-30T09:04:46.461Z | 查询: "种在花池里的" | 响应: "" | 提取分数: 50
2025-04-30T09:04:47.930Z | 查询: "种在花池里的" | 响应: "" | 提取分数: 50
2025-04-30T09:04:55.193Z | 查询: "种在花池里的" | 响应: "" | 提取分数: 50
2025-04-30T09:04:56.644Z | 查询: "种在花池里的" | 响应: "" | 提取分数: 50
2025-04-30T09:04:57.975Z | 查询: "种在花池里的" | 响应: "" | 提取分数: 50
2025-04-30T09:04:59.324Z | 查询: "种在花池里的" | 响应: "" | 提取分数: 50
2025-04-30T09:05:00.620Z | 查询: "种在花池里的" | 响应: "" | 提取分数: 50
2025-04-30T09:05:03.133Z | 查询: "种在花池里的" | 响应: "" | 提取分数: 50
2025-04-30T09:05:04.469Z | 查询: "种在花池里的" | 响应: "" | 提取分数: 50
2025-04-30T09:05:06.759Z | 查询: "种在花池里的" | 响应: "" | 提取分数: 50
2025-04-30T09:05:08.550Z | 查询: "种在花池里的" | 响应: "" | 提取分数: 50
2025-04-30T09:05:10.316Z | 查询: "种在花池里的" | 响应: "" | 提取分数: 50
2025-04-30T09:05:12.650Z | 查询: "种在花池里的" | 响应: "" | 提取分数: 50
2025-04-30T09:05:13.970Z | 查询: "种在花池里的" | 响应: "" | 提取分数: 50
2025-04-30T09:05:15.542Z | 查询: "种在花池里的" | 响应: "" | 提取分数: 50
2025-04-30T09:05:17.040Z | 查询: "种在花池里的" | 响应: "" | 提取分数: 50
2025-04-30T09:05:18.626Z | 查询: "种在花池里的" | 响应: "" | 提取分数: 50
2025-04-30T09:05:21.142Z | 查询: "种在花池里的" | 响应: "" | 提取分数: 50
2025-04-30T09:05:22.520Z | 查询: "种在花池里的" | 响应: "" | 提取分数: 50
2025-04-30T09:05:23.809Z | 查询: "种在花池里的" | 响应: "" | 提取分数: 50
2025-04-30T09:05:25.555Z | 查询: "种在花池里的" | 响应: "" | 提取分数: 50
2025-04-30T09:05:27.324Z | 查询: "种在花池里的" | 响应: "" | 提取分数: 50
2025-04-30T09:05:29.887Z | 查询: "种在花池里的" | 响应: "" | 提取分数: 50
2025-04-30T09:05:31.363Z | 查询: "种在花池里的" | 响应: "" | 提取分数: 50
2025-04-30T09:05:32.740Z | 查询: "种在花池里的" | 响应: "" | 提取分数: 50
2025-04-30T09:05:34.234Z | 查询: "种在花池里的" | 响应: "" | 提取分数: 50
2025-04-30T09:05:35.713Z | 查询: "种在花池里的" | 响应: "" | 提取分数: 50
2025-04-30T09:05:38.244Z | 查询: "种在花池里的" | 响应: "" | 提取分数: 50
2025-04-30T09:05:39.737Z | 查询: "种在花池里的" | 响应: "" | 提取分数: 50
2025-04-30T09:05:41.094Z | 查询: "种在花池里的" | 响应: "" | 提取分数: 50
2025-04-30T09:05:42.358Z | 查询: "种在花池里的" | 响应: "" | 提取分数: 50
2025-04-30T09:05:43.925Z | 查询: "种在花池里的" | 响应: "" | 提取分数: 50
2025-04-30T09:05:46.317Z | 查询: "种在花池里的" | 响应: "" | 提取分数: 50
2025-04-30T09:05:47.574Z | 查询: "种在花池里的" | 响应: "" | 提取分数: 50
2025-04-30T09:05:48.988Z | 查询: "种在花池里的" | 响应: "" | 提取分数: 50
2025-04-30T09:05:50.351Z | 查询: "种在花池里的" | 响应: "" | 提取分数: 50
2025-04-30T09:05:51.860Z | 查询: "种在花池里的" | 响应: "" | 提取分数: 50
2025-04-30T09:05:54.236Z | 查询: "种在花池里的" | 响应: "" | 提取分数: 50
2025-04-30T09:05:55.626Z | 查询: "种在花池里的" | 响应: "" | 提取分数: 50
2025-04-30T09:05:57.010Z | 查询: "种在花池里的" | 响应: "" | 提取分数: 50
2025-04-30T09:05:58.292Z | 查询: "种在花池里的" | 响应: "" | 提取分数: 50
2025-04-30T09:05:59.853Z | 查询: "种在花池里的" | 响应: "" | 提取分数: 50
2025-04-30T09:06:02.215Z | 查询: "种在花池里的" | 响应: "" | 提取分数: 50
2025-04-30T09:06:03.733Z | 查询: "种在花池里的" | 响应: "" | 提取分数: 50
2025-04-30T09:06:05.166Z | 查询: "种在花池里的" | 响应: "" | 提取分数: 50
2025-04-30T09:06:06.727Z | 查询: "种在花池里的" | 响应: "" | 提取分数: 50
2025-04-30T09:06:08.075Z | 查询: "种在花池里的" | 响应: "" | 提取分数: 50
2025-04-30T09:06:10.569Z | 查询: "种在花池里的" | 响应: "" | 提取分数: 50
2025-04-30T09:06:11.971Z | 查询: "种在花池里的" | 响应: "" | 提取分数: 50
2025-04-30T09:06:13.504Z | 查询: "种在花池里的" | 响应: "" | 提取分数: 50
2025-04-30T09:06:15.063Z | 查询: "种在花池里的" | 响应: "" | 提取分数: 50
2025-04-30T09:06:16.542Z | 查询: "种在花池里的" | 响应: "" | 提取分数: 50
2025-04-30T09:06:18.956Z | 查询: "种在花池里的" | 响应: "" | 提取分数: 50
2025-04-30T09:06:20.355Z | 查询: "种在花池里的" | 响应: "" | 提取分数: 50
2025-04-30T09:06:21.851Z | 查询: "种在花池里的" | 响应: "" | 提取分数: 50
2025-04-30T09:06:23.296Z | 查询: "种在花池里的" | 响应: "" | 提取分数: 50
2025-04-30T09:06:24.788Z | 查询: "种在花池里的" | 响应: "" | 提取分数: 50
2025-04-30T09:06:27.163Z | 查询: "种在花池里的" | 响应: "" | 提取分数: 50
2025-04-30T09:06:28.590Z | 查询: "种在花池里的" | 响应: "" | 提取分数: 50
2025-04-30T09:06:29.962Z | 查询: "种在花池里的" | 响应: "" | 提取分数: 50
2025-04-30T09:06:31.397Z | 查询: "种在花池里的" | 响应: "" | 提取分数: 50
2025-04-30T09:06:32.763Z | 查询: "种在花池里的" | 响应: "" | 提取分数: 50
2025-04-30T09:06:35.146Z | 查询: "种在花池里的" | 响应: "" | 提取分数: 50
2025-04-30T09:06:36.553Z | 查询: "种在花池里的" | 响应: "" | 提取分数: 50
2025-04-30T09:06:37.946Z | 查询: "种在花池里的" | 响应: "" | 提取分数: 50
2025-04-30T09:06:39.223Z | 查询: "种在花池里的" | 响应: "" | 提取分数: 50
2025-04-30T09:06:40.502Z | 查询: "种在花池里的" | 响应: "" | 提取分数: 50
2025-04-30T09:06:42.831Z | 查询: "种在花池里的" | 响应: "" | 提取分数: 50
2025-04-30T09:06:44.336Z | 查询: "种在花池里的" | 响应: "" | 提取分数: 50
2025-04-30T09:06:45.639Z | 查询: "种在花池里的" | 响应: "" | 提取分数: 50
2025-04-30T09:06:46.938Z | 查询: "种在花池里的" | 响应: "" | 提取分数: 50
2025-04-30T09:09:19.040Z | 查询: "种在花池里的" | 响应: "" | 提取分数: 50
2025-04-30T09:09:20.558Z | 查询: "种在花池里的" | 响应: "" | 提取分数: 50
2025-04-30T09:09:22.158Z | 查询: "种在花池里的" | 响应: "" | 提取分数: 50
2025-04-30T09:09:23.677Z | 查询: "种在花池里的" | 响应: "" | 提取分数: 50
2025-04-30T09:09:25.116Z | 查询: "种在花池里的" | 响应: "" | 提取分数: 50
2025-04-30T09:09:27.653Z | 查询: "种在花池里的" | 响应: "" | 提取分数: 50
2025-04-30T09:09:29.263Z | 查询: "种在花池里的" | 响应: "" | 提取分数: 50
2025-04-30T09:09:30.832Z | 查询: "种在花池里的" | 响应: "" | 提取分数: 50
2025-04-30T09:09:32.331Z | 查询: "种在花池里的" | 响应: "" | 提取分数: 50
2025-04-30T09:09:33.793Z | 查询: "种在花池里的" | 响应: "" | 提取分数: 50
2025-04-30T09:09:36.332Z | 查询: "种在花池里的" | 响应: "" | 提取分数: 50
2025-04-30T09:09:37.894Z | 查询: "种在花池里的" | 响应: "" | 提取分数: 50
2025-04-30T09:09:39.340Z | 查询: "种在花池里的" | 响应: "" | 提取分数: 50
2025-04-30T09:09:40.900Z | 查询: "种在花池里的" | 响应: "" | 提取分数: 50
2025-04-30T09:09:42.379Z | 查询: "种在花池里的" | 响应: "" | 提取分数: 50
2025-04-30T09:09:44.871Z | 查询: "种在花池里的" | 响应: "" | 提取分数: 50
2025-04-30T09:09:46.384Z | 查询: "种在花池里的" | 响应: "" | 提取分数: 50
2025-04-30T09:09:47.848Z | 查询: "种在花池里的" | 响应: "" | 提取分数: 50
2025-04-30T09:09:49.214Z | 查询: "种在花池里的" | 响应: "" | 提取分数: 50
2025-04-30T09:09:50.683Z | 查询: "种在花池里的" | 响应: "" | 提取分数: 50
2025-04-30T09:09:53.168Z | 查询: "种在花池里的" | 响应: "" | 提取分数: 50
2025-04-30T09:09:54.646Z | 查询: "种在花池里的" | 响应: "" | 提取分数: 50
2025-04-30T09:09:56.377Z | 查询: "种在花池里的" | 响应: "" | 提取分数: 50
2025-04-30T09:09:57.869Z | 查询: "种在花池里的" | 响应: "" | 提取分数: 50
2025-04-30T09:09:59.300Z | 查询: "种在花池里的" | 响应: "" | 提取分数: 50
2025-04-30T09:10:01.850Z | 查询: "种在花池里的" | 响应: "" | 提取分数: 50
2025-04-30T09:10:03.313Z | 查询: "种在花池里的" | 响应: "" | 提取分数: 50
2025-04-30T09:10:04.791Z | 查询: "种在花池里的" | 响应: "" | 提取分数: 50
2025-04-30T09:10:06.336Z | 查询: "种在花池里的" | 响应: "" | 提取分数: 50
2025-04-30T09:10:07.806Z | 查询: "种在花池里的" | 响应: "" | 提取分数: 50
2025-04-30T09:10:10.232Z | 查询: "种在花池里的" | 响应: "" | 提取分数: 50
2025-04-30T09:10:11.775Z | 查询: "种在花池里的" | 响应: "" | 提取分数: 50
2025-04-30T09:10:13.341Z | 查询: "种在花池里的" | 响应: "" | 提取分数: 50
2025-04-30T09:10:14.807Z | 查询: "种在花池里的" | 响应: "" | 提取分数: 50
2025-04-30T09:10:16.366Z | 查询: "种在花池里的" | 响应: "" | 提取分数: 50
2025-04-30T09:10:18.860Z | 查询: "种在花池里的" | 响应: "" | 提取分数: 50
2025-04-30T09:10:20.420Z | 查询: "种在花池里的" | 响应: "" | 提取分数: 50
2025-04-30T09:10:21.892Z | 查询: "种在花池里的" | 响应: "" | 提取分数: 50
2025-04-30T09:10:23.297Z | 查询: "种在花池里的" | 响应: "" | 提取分数: 50
2025-04-30T09:10:24.773Z | 查询: "种在花池里的" | 响应: "" | 提取分数: 50
2025-04-30T09:10:27.337Z | 查询: "种在花池里的" | 响应: "" | 提取分数: 50
2025-04-30T09:10:28.909Z | 查询: "种在花池里的" | 响应: "" | 提取分数: 50
2025-04-30T09:10:30.322Z | 查询: "种在花池里的" | 响应: "" | 提取分数: 50
2025-04-30T09:10:31.753Z | 查询: "种在花池里的" | 响应: "" | 提取分数: 50
2025-04-30T09:10:33.075Z | 查询: "种在花池里的" | 响应: "" | 提取分数: 50
2025-04-30T09:10:35.486Z | 查询: "种在花池里的" | 响应: "" | 提取分数: 50
2025-04-30T09:10:37.027Z | 查询: "种在花池里的" | 响应: "" | 提取分数: 50
2025-04-30T09:10:38.550Z | 查询: "种在花池里的" | 响应: "" | 提取分数: 50
2025-04-30T09:10:40.169Z | 查询: "种在花池里的" | 响应: "" | 提取分数: 50
2025-04-30T09:10:41.461Z | 查询: "种在花池里的" | 响应: "" | 提取分数: 50
2025-04-30T09:10:43.890Z | 查询: "种在花池里的" | 响应: "" | 提取分数: 50
2025-04-30T09:10:45.414Z | 查询: "种在花池里的" | 响应: "" | 提取分数: 50
2025-04-30T09:10:46.796Z | 查询: "种在花池里的" | 响应: "" | 提取分数: 50
2025-04-30T09:10:48.328Z | 查询: "种在花池里的" | 响应: "" | 提取分数: 50
2025-04-30T09:10:49.676Z | 查询: "种在花池里的" | 响应: "" | 提取分数: 50
2025-04-30T09:10:52.057Z | 查询: "种在花池里的" | 响应: "" | 提取分数: 50
2025-04-30T09:10:53.410Z | 查询: "种在花池里的" | 响应: "" | 提取分数: 50
2025-04-30T09:10:54.925Z | 查询: "种在花池里的" | 响应: "" | 提取分数: 50
2025-04-30T09:10:56.278Z | 查询: "种在花池里的" | 响应: "" | 提取分数: 50
2025-04-30T09:10:57.792Z | 查询: "种在花池里的" | 响应: "" | 提取分数: 50
2025-04-30T09:11:00.475Z | 查询: "种在花池里的" | 响应: "" | 提取分数: 50
2025-04-30T09:11:02.066Z | 查询: "种在花池里的" | 响应: "" | 提取分数: 50
2025-04-30T09:11:03.598Z | 查询: "种在花池里的" | 响应: "" | 提取分数: 50
2025-04-30T09:11:05.084Z | 查询: "种在花池里的" | 响应: "" | 提取分数: 50
2025-04-30T09:11:06.785Z | 查询: "种在花池里的" | 响应: "" | 提取分数: 50
2025-04-30T09:11:09.598Z | 查询: "种在花池里的" | 响应: "" | 提取分数: 50
2025-04-30T09:11:11.309Z | 查询: "种在花池里的" | 响应: "" | 提取分数: 50
2025-04-30T09:11:12.872Z | 查询: "种在花池里的" | 响应: "" | 提取分数: 50
2025-04-30T09:11:14.434Z | 查询: "种在花池里的" | 响应: "" | 提取分数: 50
2025-04-30T09:13:51.794Z | 查询: "能吸收二氧化碳的东西" | 响应: "" | 提取分数: 50
2025-04-30T09:13:53.418Z | 查询: "能吸收二氧化碳的东西" | 响应: "" | 提取分数: 50
2025-04-30T09:13:54.823Z | 查询: "能吸收二氧化碳的东西" | 响应: "" | 提取分数: 50
2025-04-30T09:13:56.249Z | 查询: "能吸收二氧化碳的东西" | 响应: "" | 提取分数: 50
2025-04-30T09:13:57.656Z | 查询: "能吸收二氧化碳的东西" | 响应: "" | 提取分数: 50
2025-04-30T09:14:00.150Z | 查询: "能吸收二氧化碳的东西" | 响应: "" | 提取分数: 50
2025-04-30T09:14:01.716Z | 查询: "能吸收二氧化碳的东西" | 响应: "" | 提取分数: 50
2025-04-30T09:14:03.153Z | 查询: "能吸收二氧化碳的东西" | 响应: "" | 提取分数: 50
2025-04-30T09:14:04.630Z | 查询: "能吸收二氧化碳的东西" | 响应: "" | 提取分数: 50
2025-04-30T09:14:06.080Z | 查询: "能吸收二氧化碳的东西" | 响应: "" | 提取分数: 50
2025-04-30T09:14:08.690Z | 查询: "能吸收二氧化碳的东西" | 响应: "" | 提取分数: 50
2025-04-30T09:14:10.253Z | 查询: "能吸收二氧化碳的东西" | 响应: "" | 提取分数: 50
2025-04-30T09:14:12.028Z | 查询: "能吸收二氧化碳的东西" | 响应: "" | 提取分数: 50
2025-04-30T09:14:13.607Z | 查询: "能吸收二氧化碳的东西" | 响应: "" | 提取分数: 50
2025-04-30T09:14:15.227Z | 查询: "能吸收二氧化碳的东西" | 响应: "" | 提取分数: 50
2025-04-30T09:14:17.814Z | 查询: "能吸收二氧化碳的东西" | 响应: "" | 提取分数: 50
2025-04-30T09:14:19.631Z | 查询: "能吸收二氧化碳的东西" | 响应: "" | 提取分数: 50
2025-04-30T09:14:21.172Z | 查询: "能吸收二氧化碳的东西" | 响应: "" | 提取分数: 50
2025-04-30T09:14:22.933Z | 查询: "能吸收二氧化碳的东西" | 响应: "" | 提取分数: 50
2025-04-30T09:14:24.779Z | 查询: "能吸收二氧化碳的东西" | 响应: "" | 提取分数: 50
2025-04-30T09:14:27.619Z | 查询: "能吸收二氧化碳的东西" | 响应: "" | 提取分数: 50
2025-04-30T09:14:29.355Z | 查询: "能吸收二氧化碳的东西" | 响应: "" | 提取分数: 50
2025-04-30T09:14:30.863Z | 查询: "能吸收二氧化碳的东西" | 响应: "" | 提取分数: 50
2025-04-30T09:14:32.430Z | 查询: "能吸收二氧化碳的东西" | 响应: "" | 提取分数: 50
2025-04-30T09:14:33.861Z | 查询: "能吸收二氧化碳的东西" | 响应: "" | 提取分数: 50
